0 info it worked if it ends with ok
1 verbose cli [ 'node',
1 verbose cli   'C:\\Users\\ux01474\\AppData\\Roaming\\npm\\node_modules\\npm\\bin\\npm-cli.js',
1 verbose cli   'install',
1 verbose cli   'angular2-websocket' ]
2 info using npm@2.13.4
3 info using node@v0.12.7
4 verbose install initial load of C:\adel\extra\loaxi\ion2\loaxi-driver\node_modules\angular2-websocket\package.json
5 warn package.json angular2-websocket@0.1.0 No license field.
6 verbose installManyTop reading scoped package data from C:\adel\extra\loaxi\ion2\loaxi-driver\node_modules\angular2-websocket\node_modules\angular2\package.json
7 verbose installManyTop reading scoped package data from C:\adel\extra\loaxi\ion2\loaxi-driver\node_modules\angular2-websocket\node_modules\es6-promise\package.json
8 verbose installManyTop reading scoped package data from C:\adel\extra\loaxi\ion2\loaxi-driver\node_modules\angular2-websocket\node_modules\es6-shim\package.json
9 verbose installManyTop reading scoped package data from C:\adel\extra\loaxi\ion2\loaxi-driver\node_modules\angular2-websocket\node_modules\grunt\package.json
10 verbose installManyTop reading scoped package data from C:\adel\extra\loaxi\ion2\loaxi-driver\node_modules\angular2-websocket\node_modules\grunt-contrib-uglify\package.json
11 verbose installManyTop reading scoped package data from C:\adel\extra\loaxi\ion2\loaxi-driver\node_modules\angular2-websocket\node_modules\grunt-typescript\package.json
12 verbose installManyTop reading scoped package data from C:\adel\extra\loaxi\ion2\loaxi-driver\node_modules\angular2-websocket\node_modules\reflect-metadata\package.json
13 verbose installManyTop reading scoped package data from C:\adel\extra\loaxi\ion2\loaxi-driver\node_modules\angular2-websocket\node_modules\rxjs\package.json
14 verbose installManyTop reading scoped package data from C:\adel\extra\loaxi\ion2\loaxi-driver\node_modules\angular2-websocket\node_modules\typescript\package.json
15 verbose installManyTop reading scoped package data from C:\adel\extra\loaxi\ion2\loaxi-driver\node_modules\angular2-websocket\node_modules\zone.js\package.json
16 info package.json grunt@0.4.5 No license field.
17 info package.json grunt-contrib-uglify@0.2.7 No license field.
18 info package.json grunt-typescript@0.2.9 No license field.
19 verbose readDependencies loading dependencies from C:\adel\extra\loaxi\ion2\loaxi-driver\node_modules\angular2-websocket\package.json
20 verbose install angular2-websocket is installed as 0.1.0
21 warn install Refusing to install angular2-websocket as a dependency of itself
22 silly install resolved []
23 verbose validateInstall loading C:\adel\extra\loaxi\ion2\loaxi-driver\node_modules\angular2-websocket\package.json for validation
24 verbose stack Error: The package reflect-metadata@0.1.3 does not satisfy its siblings' peerDependencies requirements!
24 verbose stack     at C:\Users\ux01474\AppData\Roaming\npm\node_modules\npm\lib\install.js:125:32
24 verbose stack     at C:\Users\ux01474\AppData\Roaming\npm\node_modules\npm\lib\install.js:268:7
24 verbose stack     at C:\Users\ux01474\AppData\Roaming\npm\node_modules\npm\node_modules\read-installed\read-installed.js:142:5
24 verbose stack     at C:\Users\ux01474\AppData\Roaming\npm\node_modules\npm\node_modules\read-installed\read-installed.js:263:14
24 verbose stack     at cb (C:\Users\ux01474\AppData\Roaming\npm\node_modules\npm\node_modules\slide\lib\async-map.js:47:24)
24 verbose stack     at C:\Users\ux01474\AppData\Roaming\npm\node_modules\npm\node_modules\read-installed\read-installed.js:263:14
24 verbose stack     at cb (C:\Users\ux01474\AppData\Roaming\npm\node_modules\npm\node_modules\slide\lib\async-map.js:47:24)
24 verbose stack     at C:\Users\ux01474\AppData\Roaming\npm\node_modules\npm\node_modules\read-installed\read-installed.js:263:14
24 verbose stack     at cb (C:\Users\ux01474\AppData\Roaming\npm\node_modules\npm\node_modules\slide\lib\async-map.js:47:24)
24 verbose stack     at C:\Users\ux01474\AppData\Roaming\npm\node_modules\npm\node_modules\read-installed\read-installed.js:263:14
25 verbose cwd C:\adel\extra\loaxi\ion2\loaxi-driver\node_modules\angular2-websocket
26 error Windows_NT 6.1.7601
27 error argv "node" "C:\\Users\\ux01474\\AppData\\Roaming\\npm\\node_modules\\npm\\bin\\npm-cli.js" "install" "angular2-websocket"
28 error node v0.12.7
29 error npm  v2.13.4
30 error code EPEERINVALID
31 error peerinvalid The package reflect-metadata@0.1.3 does not satisfy its siblings' peerDependencies requirements!
31 error peerinvalid Peer angular2@2.0.0-beta.1 wants reflect-metadata@0.1.2
32 verbose exit [ 1, true ]
